(B) Sort...
===> w1data/f0
2c2
< |       Date      | Description              |         Amount |        Balance |
---
> |      Date       |       Description        |     Amount     |        Balance |
===> w1data/f1
2c2
< |       Date      | Description              |         Amount |        Balance |
---
> |      Date       |       Description        |     Amount     |        Balance |
===> w1data/f2
2c2
< |       Date      | Description              |         Amount |        Balance |
---
> |      Date       |       Description        |     Amount     |        Balance |
===> w1data/f3
2c2
< |       Date      | Description              |         Amount |        Balance |
---
> |      Date       |       Description        |     Amount     |        Balance |
===> w1data/f4
2c2
< |       Date      | Description              |         Amount |        Balance |
---
> |      Date       |       Description        |     Amount     |        Balance |
===> w1data/f5
2c2
< |       Date      | Description              |         Amount |        Balance |
---
> |      Date       |       Description        |     Amount     |        Balance |
===> w1data/f6
2c2
< |       Date      | Description              |         Amount |        Balance |
---
> |      Date       |       Description        |     Amount     |        Balance |
===> w1data/f7
2c2
< |       Date      | Description              |         Amount |        Balance |
---
> |      Date       |       Description        |     Amount     |        Balance |
===> w1data/f8
2c2
< |       Date      | Description              |         Amount |        Balance |
---
> |      Date       |       Description        |     Amount     |        Balance |
===> w1data/f9
2c2
< |       Date      | Description              |         Amount |        Balance |
---
> |      Date       |       Description        |     Amount     |        Balance |
===> w1data/f10
2c2
< |       Date      | Description              |         Amount |        Balance |
---
> |      Date       |       Description        |     Amount     |        Balance |
===> w1data/f11
2c2
< |       Date      | Description              |         Amount |        Balance |
---
> |      Date       |       Description        |     Amount     |        Balance |
===> w1data/f12
2c2
< |       Date      | Description              |         Amount |        Balance |
---
> |      Date       |       Description        |     Amount     |        Balance |
===> w1data/f13
2c2
< |       Date      | Description              |         Amount |        Balance |
---
> |      Date       |       Description        |     Amount     |        Balance |
===> w1data/f14
2c2
< |       Date      | Description              |         Amount |        Balance |
---
> |      Date       |       Description        |     Amount     |        Balance |
===> w1data/f15
2c2
< |       Date      | Description              |         Amount |        Balance |
---
> |      Date       |       Description        |     Amount     |        Balance |
===> w1data/f16
2c2
< |       Date      | Description              |         Amount |        Balance |
---
> |      Date       |       Description        |     Amount     |        Balance |
===> w1data/f17
2c2
< |       Date      | Description              |         Amount |        Balance |
---
> |      Date       |       Description        |     Amount     |        Balance |
===> w1data/f18
2c2
< |       Date      | Description              |         Amount |        Balance |
---
> |      Date       |       Description        |     Amount     |        Balance |
===> w1data/f19
2c2
< |       Date      | Description              |         Amount |        Balance |
---
> |      Date       |       Description        |     Amount     |        Balance |
135c135
< | Tue Jun 16 2015 | Paycheck                 |          0.24  | (   45,506.94) |
---
> | Tue Jun 16 2015 | Paycheck                 |           .24  | (   45,506.94) |
===> w1data/f20
2c2
< |       Date      | Description              |         Amount |        Balance |
---
> |      Date       |       Description        |     Amount     |        Balance |
===> w1data/f21
2c2
< |       Date      | Description              |         Amount |        Balance |
---
> |      Date       |       Description        |     Amount     |        Balance |
===> w1data/f22
2c2
< |       Date      | Description              |         Amount |        Balance |
---
> |      Date       |       Description        |     Amount     |        Balance |
===> w1data/f23
2c2
< |       Date      | Description              |         Amount |        Balance |
---
> |      Date       |       Description        |     Amount     |        Balance |
===> w1data/f24
2c2
< |       Date      | Description              |         Amount |        Balance |
---
> |      Date       |       Description        |     Amount     |        Balance |
===> w1data/f25
2c2
< |       Date      | Description              |         Amount |        Balance |
---
> |      Date       |       Description        |     Amount     |        Balance |
===> w1data/f26
2c2
< |       Date      | Description              |         Amount |        Balance |
---
> |      Date       |       Description        |     Amount     |        Balance |
===> w1data/f27
2c2
< |       Date      | Description              |         Amount |        Balance |
---
> |      Date       |       Description        |     Amount     |        Balance |
===> w1data/f28
2c2
< |       Date      | Description              |         Amount |        Balance |
---
> |      Date       |       Description        |     Amount     |        Balance |
===> w1data/f29
2c2
< |       Date      | Description              |         Amount |        Balance |
---
> |      Date       |       Description        |     Amount     |        Balance |
